Last login: Tue Feb  2 05:48:33 2016 from level3sentry.res.wpi.net
ubuntu@ip-172-31-57-163:~$ sysbench --test=cpu --cpu-max-prime=20000 run
sysbench 0.4.12:  multi-threaded system evaluation benchmark

Running the test with following options:
Number of threads: 1

Doing CPU performance benchmark

Threads started!
Done.

Maximum prime number checked in CPU test: 20000


Test execution summary:
    total time:                          29.7153s
    total number of events:              10000
    total time taken by event execution: 29.7126
    per-request statistics:
         min:                                  2.69ms                                                                                                                              
         avg:                                  2.97ms                                                                                                                              
         max:                                  7.87ms
         approx.  95 percentile:               3.03ms

Threads fairness:
    events (avg/stddev):           10000.0000/0.00
    execution time (avg/stddev):   29.7126/0.00

ubuntu@ip-172-31-57-163:~$ 

ubuntu@ip-172-31-57-163:~$ sysbench --test=cpu --cpu-max-prime=20000 run
sysbench 0.4.12:  multi-threaded system evaluation benchmark

Running the test with following options:
Number of threads: 1

Doing CPU performance benchmark

Threads started!
Done.

Maximum prime number checked in CPU test: 20000


Test execution summary:
    total time:                          29.4319s
    total number of events:              10000
    total time taken by event execution: 29.4293
    per-request statistics:
         min:                                  2.69ms
         avg:                                  2.94ms
         max:                                  3.81ms
         approx.  95 percentile:               3.03ms

Threads fairness:
    events (avg/stddev):           10000.0000/0.00
    execution time (avg/stddev):   29.4293/0.00

ubuntu@ip-172-31-57-163:~$ 

ubuntu@ip-172-31-57-163:~$ sysbench --test=cpu --cpu-max-prime=20000 run
sysbench 0.4.12:  multi-threaded system evaluation benchmark

Running the test with following options:
Number of threads: 1

Doing CPU performance benchmark

Threads started!
Done.

Maximum prime number checked in CPU test: 20000


Test execution summary:
    total time:                          29.3979s
    total number of events:              10000
    total time taken by event execution: 29.3951
    per-request statistics:
         min:                                  2.69ms
         avg:                                  2.94ms
         max:                                  3.94ms
         approx.  95 percentile:               3.02ms

Threads fairness:
    events (avg/stddev):           10000.0000/0.00
    execution time (avg/stddev):   29.3951/0.00
